<?xml version="1.0" encoding="UTF-8"?>
<!-- Generated by org.testng.reporters.JUnitReportReporter -->
<testsuite hostname="DESKTOP-K7CSJBL" failures="0" tests="1" name="com.homework.LearingCss" time="28.428" errors="0" timestamp="2023-05-20T16:24:09 EDT" skipped="0">
  <testcase classname="com.homework.LearingCss" name="openBrowser" time="28.428"/>
  <system-out/>
</testsuite> <!-- com.homework.LearingCss -->
